\BOOKMARK [1][-]{section.1}{\376\377\000T\000u\000r\000b\000o\000j\000e\000t\000\040\000o\000p\000t\000i\000m\000u\000m\000\040\000c\000o\000m\000p\000r\000e\000s\000s\000o\000r\000\040\000r\000a\000t\000i\000o}{}% 1
\BOOKMARK [2][-]{subsection.1.1}{\376\377\000S\000p\000e\000c\000i\000f\000i\000c\000\040\000t\000h\000r\000u\000s\000t}{section.1}% 2
\BOOKMARK [3][-]{subsubsection.1.1.1}{\376\377\000F\000i\000n\000d\000\040\000M\000e}{subsection.1.1}% 3
\BOOKMARK [3][-]{subsubsection.1.1.2}{\376\377\000F\000i\000n\000d\000\040\000T\000e\000T\0000}{subsection.1.1}% 4
\BOOKMARK [3][-]{subsubsection.1.1.3}{\376\377\000F\000i\000n\000d\000\040\000t}{subsection.1.1}% 5
\BOOKMARK [3][-]{subsubsection.1.1.4}{\376\377\000F\000i\000n\000d\000\040\000b}{subsection.1.1}% 6
\BOOKMARK [3][-]{subsubsection.1.1.5}{\376\377\000B\000a\000c\000k\000\040\000t\000o\000\040\000t\000h\000e\000\040\000S\000p\000e\000c\000i\000f\000i\000c\000\040\000t\000h\000r\000u\000s\000t}{subsection.1.1}% 7
\BOOKMARK [2][-]{subsection.1.2}{\376\377\000S\000p\000e\000c\000i\000f\000i\000c\000\040\000t\000h\000r\000u\000s\000t\000\040\000o\000p\000t\000i\000m\000i\000z\000a\000t\000i\000o\000n}{section.1}% 8
\BOOKMARK [2][-]{subsection.1.3}{\376\377\000C\000o\000m\000p\000a\000r\000a\000i\000s\000o\000n\000\040\000w\000i\000t\000h\000\040\000B\000r\000a\000y\000t\000o\000n\000\040\000c\000y\000c\000l\000e}{section.1}% 9
\BOOKMARK [1][-]{section.2}{\376\377\000H\000y\000b\000r\000i\000d\000\040\000c\000y\000c\000l\000e\000\040\000a\000f\000t\000e\000r\000-\000b\000u\000r\000n\000i\000n\000g\000\040\000t\000u\000r\000b\000o\000j\000e\000t}{}% 10
\BOOKMARK [2][-]{subsection.2.1}{\376\377\000S\000p\000e\000c\000i\000f\000i\000c\000\040\000t\000h\000r\000u\000s\000t}{section.2}% 11
\BOOKMARK [3][-]{subsubsection.2.1.1}{\376\377\000F\000i\000n\000d\000\040\000M\000e}{subsection.2.1}% 12
\BOOKMARK [3][-]{subsubsection.2.1.2}{\376\377\000F\000i\000n\000d\000\040\000T\000e\000T\0000}{subsection.2.1}% 13
\BOOKMARK [3][-]{subsubsection.2.1.3}{\376\377\000F\000i\000n\000d\000\040\000A\000B}{subsection.2.1}% 14
\BOOKMARK [3][-]{subsubsection.2.1.4}{\376\377\000B\000a\000c\000k\000\040\000t\000o\000\040\000s\000p\000e\000c\000i\000f\000i\000c\000\040\000t\000h\000r\000u\000s\000t}{subsection.2.1}% 15
\BOOKMARK [3][-]{subsubsection.2.1.5}{\376\377\000S\000p\000e\000c\000i\000f\000i\000c\000\040\000t\000h\000r\000u\000s\000t\000\040\000o\000p\000t\000i\000m\000i\000z\000a\000t\000i\000o\000n}{subsection.2.1}% 16
\BOOKMARK [2][-]{subsection.2.2}{\376\377\000R\000a\000m\000j\000e\000t\000\040\000s\000p\000e\000c\000i\000f\000i\000c\000\040\000t\000h\000r\000u\000s\000t}{section.2}% 17
\BOOKMARK [2][-]{subsection.2.3}{\376\377\000T\000r\000a\000n\000s\000i\000t\000i\000o\000n\000\040\000M\000a\000c\000h\000\040\000n\000u\000m\000b\000e\000r}{section.2}% 18
\BOOKMARK [3][-]{subsubsection.2.3.1}{\376\377\000N\000u\000m\000e\000r\000i\000c\000a\000l\000\040\000a\000p\000p\000l\000i\000c\000a\000t\000i\000o\000n}{subsection.2.3}% 19
\BOOKMARK [2][-]{subsection.2.4}{\376\377\000G\000r\000a\000p\000h\000i\000c\000a\000l\000\040\000r\000e\000p\000r\000e\000s\000e\000n\000t\000a\000t\000i\000o\000n}{section.2}% 20
\BOOKMARK [2][-]{subsection.2.5}{\376\377\000T\000-\000S\000\040\000D\000i\000a\000g\000r\000a\000m}{section.2}% 21
\BOOKMARK [2][-]{subsection.2.6}{\376\377\000S\000p\000e\000c\000i\000f\000i\000c\000\040\000f\000u\000e\000l\000\040\000t\000h\000r\000u\000s\000t\000\040\000c\000o\000n\000s\000u\000m\000p\000t\000i\000o\000n}{section.2}% 22
\BOOKMARK [3][-]{subsubsection.2.6.1}{\376\377\000T\000u\000r\000b\000o\000j\000e\000t\000\040\000f\000u\000e\000l\000-\000t\000o\000-\000a\000i\000r\000\040\000r\000a\000t\000i\000o}{subsection.2.6}% 23
\BOOKMARK [3][-]{subsubsection.2.6.2}{\376\377\000R\000a\000m\000j\000e\000t\000\040\000f\000u\000e\000l\000-\000t\000o\000-\000a\000i\000r\000\040\000r\000a\000t\000i\000o}{subsection.2.6}% 24
\BOOKMARK [3][-]{subsubsection.2.6.3}{\376\377\000N\000u\000m\000e\000r\000i\000c\000a\000l\000\040\000a\000p\000p\000l\000i\000c\000a\000t\000i\000o\000n}{subsection.2.6}% 25
\BOOKMARK [1][-]{section.3}{\376\377\000O\000f\000f\000-\000d\000e\000s\000i\000g\000n\000\040\000a\000n\000a\000l\000y\000s\000i\000s\000\040\000o\000f\000\040\000t\000u\000r\000b\000o\000j\000e\000t}{}% 26
